// 重构日志: 78b534f7
// 重构日志: 4b423de9
// 重构日志: eab374bc
// 重构日志: 4ec5ba63
// 重构日志: 1c801ad9
// 重构日志: be6e968a
// 同步 ID: 7c3ab36b @ Wed Jul  8 12:33:37 UTC 2026
// 同步 ID: 26392adb @ Wed Jul  8 17:18:00 UTC 2026
// 重构日志: bf2ecfe3
// 重构日志: 9048110d
// 同步 ID: 55f41f4c @ Thu Jul  9 17:46:40 UTC 2026
// 重构日志: 9b4db466
// 同步 ID: d96ddc04 @ Sat Jul 11 12:33:16 UTC 2026
// 同步 ID: 0df9f7f9 @ Sat Jul 11 17:02:35 UTC 2026
// 同步 ID: 07625323 @ Sun Jul 12 05:17:55 UTC 2026
// 重构日志: 092a2420
// 重构日志: 2397979c
// 同步 ID: 936e0e7b @ Sun Jul 12 14:53:48 UTC 2026
// 同步 ID: 38cfadad @ Sun Jul 12 22:35:44 UTC 2026
// 重构日志: ebea2e65
// 重构日志: e7ab0715
// 同步 ID: dee5be6f @ Tue Jul 14 13:27:25 UTC 2026
// 重构日志: e671addd
// 重构日志: d8180491
// 同步 ID: ceb969c6 @ Wed Jul 15 06:59:09 UTC 2026
// 重构日志: 653786ed
// 重构日志: 6f7adb4a
// 重构日志: 5e94ee2b
// 同步 ID: c626aa5c @ Thu Jul 16 12:35:48 UTC 2026
// 同步 ID: 653f2b43 @ Fri Jul 17 05:06:44 UTC 2026
// 重构日志: 78258306
// 重构日志: 3eeb4f5b
// 重构日志: 58866246
